<?xml version="1.0"?>

<!--
  ~ Copyright 2014-2016 Message4U Pty Ltd
  ~
  ~ Licensed under the Apache License, Version 2.0 (the "License");
  ~ you may not use this file except in compliance with the License.
  ~ You may obtain a copy of the License at
  ~
  ~     http://www.apache.org/licenses/LICENSE-2.0
  ~
  ~ Unless required by applicable law or agreed to in writing, software
  ~ distributed under the License is distributed on an "AS IS" BASIS,
  ~ WITHOUT WARRANTIES OR CONDITIONS OF ANY KIND, either express or implied.
  ~ See the License for the specific language governing permissions and
  ~ limitations under the License.
  -->

<!DOCTYPE module PUBLIC
        "-//Puppy Crawl//DTD Check Configuration 1.3//EN"
        "http://www.puppycrawl.com/dtds/configuration_1_3.dtd">

<module name="Checker">

    <module name="FileLength">
        <property name="max" value="500"/>
    </module>

    <module name="RegexpHeader">
        <property name="header"
                  value="/\*\n \* Copyright \d{4}-\d{4} Message4U Pty Ltd\n \*\n \* Licensed under the Apache License, Version 2.0 \(the &quot;License&quot;\);\n \* you may not use this file except in compliance with the License.\n \* You may obtain a copy of the License at\n \*\n \*     http://www.apache.org/licenses/LICENSE-2.0\n \*\n \* Unless required by applicable law or agreed to in writing, software\n \* distributed under the License is distributed on an &quot;AS IS&quot; BASIS,\n \* WITHOUT WARRANTIES OR CONDITIONS OF ANY KIND, either express or implied.\n \* See the License for the specific language governing permissions and\n \* limitations under the License.\n \*/"/>
        <property name="fileExtensions"
                  value="java"/>
    </module>
</module>
